[35m[Appium][39m Welcome to Appium v1.21.0
[35m[Appium][39m Non-default server args:
[35m[Appium][39m   port: 49158
[35m[Appium][39m   loglevel: info
[35m[Appium][39m   tmpDir: C:\Users\HP\AppData\Local\Temp\\Katalon\Appium\Temp1662579739624
[35m[Appium][39m   chromedriverPort: 49159
[35m[Appium][39m Deprecated server args:
[35m[Appium][39m   [31m--chromedriver-port[39m => --default-capabilities
[35m[Appium][39m Default capabilities, which will be added to each request unless overridden by desired capabilities:
[35m[Appium][39m   chromedriverPort: 49159
[35m[Appium][39m Appium REST http interface listener started on 0.0.0.0:49158
[35m[HTTP][39m [37m-->[39m [37mGET[39m [37m/wd/hub/status[39m
[35m[HTTP][39m [90m{}[39m
[35m[HTTP][39m [37m<-- GET /wd/hub/status [39m[32m200[39m [90m11 ms - 68[39m
[35m[HTTP][39m [90m[39m
[35m[HTTP][39m [37m-->[39m [37mGET[39m [37m/wd/hub/status[39m
[35m[HTTP][39m [90m{}[39m
[35m[HTTP][39m [37m<-- GET /wd/hub/status [39m[32m200[39m [90m2 ms - 68[39m
[35m[HTTP][39m [90m[39m
[35m[HTTP][39m [37m-->[39m [37mPOST[39m [37m/wd/hub/session[39m
[35m[HTTP][39m [90m{"desiredCapabilities":{"appActivity":".Settings","appPackage":"com.android.settings","newCommandTimeout":1800,"platformVersion":"12","automationName":"uiautomator2","autoGrantPermissions":true,"platformName":"Android","udid":"RRCT501QDKL","deviceName":"samsung SM-A336E (Android 12)","platform":"ANDROID","systemPort":8298},"capabilities":{"firstMatch":[{"appium:appActivity":".Settings","appium:appPackage":"com.android.settings","appium:autoGrantPermissions":true,"appium:automationName":"uiautomator2","appium:deviceName":"samsung SM-A336E (Android 12)","appium:newCommandTimeout":1800,"platform":"ANDROID","platformName":"android","appium:platformVersion":"12","appium:systemPort":8298,"appium:udid":"RRCT501QDKL"}]}}[39m
[35m[BaseDriver][39m The following capabilities are not standard capabilities and should have an extension prefix:
[35m[BaseDriver][39m   platform
[35m[BaseDriver][39m   chromedriverPort
[35m[Appium][39m Appium v1.21.0 creating new AndroidUiautomator2Driver (v1.65.0) session
[35m[BaseDriver][39m The following capabilities were provided, but are not recognized by Appium:
[35m[BaseDriver][39m   platform
[35m[BaseDriver][39m Session created with session id: 5e65c248-a842-4b2c-bf44-aa663a188fc8
[35m[UiAutomator2][39m Starting 'com.android.settings' directly on the device
[35m[ADB][39m Found 1 'build-tools' folders under 'C:\Users\HP\.katalon\tools\android_sdk' (newest first):
[35m[ADB][39m     C:/Users/HP/.katalon/tools/android_sdk/build-tools/29.0.3
[35m[ADB][39m Using 'adb.exe' from 'C:\Users\HP\.katalon\tools\android_sdk\platform-tools\adb.exe'
[35m[AndroidDriver][39m Retrieving device list
[35m[AndroidDriver][39m Using device: RRCT501QDKL
[35m[ADB][39m Using 'adb.exe' from 'C:\Users\HP\.katalon\tools\android_sdk\platform-tools\adb.exe'
[35m[ADB][39m Getting device platform version
[35m[UiAutomator2][39m Relaxing hidden api policy
[35m[AndroidDriver][39m No app sent in, not parsing package/activity
[35m[ADB][39m Using 'apksigner.jar' from 'C:\Users\HP\.katalon\tools\android_sdk\build-tools\29.0.3\lib\apksigner.jar'
[35m[ADB][39m 'C:\Users\HP\AppData\Roaming\npm\node_modules\appium\node_modules\appium-uiautomator2-server\apks\appium-uiautomator2-server-v4.21.1.apk' is signed with the default certificate
[35m[ADB][39m 'C:\Users\HP\AppData\Roaming\npm\node_modules\appium\node_modules\appium-uiautomator2-server\apks\appium-uiautomator2-server-debug-androidTest.apk' is signed with the default certificate
[35m[UiAutomator2][39m Server packages are not going to be (re)installed
[35m[ADB][39m Adding packages ["io.appium.settings","io.appium.uiautomator2.server","io.appium.uiautomator2.server.test"] to Doze whitelist
[35m[ADB][39m com.android.settings contains no permissions available for granting
[35m[UiAutomator2][39m Starting UIAutomator2 server 4.21.1
[35m[UiAutomator2][39m Using UIAutomator2 server from 'C:\Users\HP\AppData\Roaming\npm\node_modules\appium\node_modules\appium-uiautomator2-server\apks\appium-uiautomator2-server-v4.21.1.apk' and test from 'C:\Users\HP\AppData\Roaming\npm\node_modules\appium\node_modules\appium-uiautomator2-server\apks\appium-uiautomator2-server-debug-androidTest.apk'
[35m[UiAutomator2][39m Waiting up to 30000ms for UiAutomator2 to be online...
[35m[WD Proxy][39m socket hang up
[35m[WD Proxy][39m socket hang up
[35m[WD Proxy][39m Determined the downstream protocol as 'W3C'
[35m[AndroidDriver][39m Screen already unlocked, doing nothing
[35m[UiAutomator2][39m Starting 'com.android.settings/.Settings and waiting for 'com.android.settings/.Settings'
[35m[Appium][39m New AndroidUiautomator2Driver session created successfully, session 5e65c248-a842-4b2c-bf44-aa663a188fc8 added to master session list
[35m[HTTP][39m [37m<-- POST /wd/hub/session [39m[32m200[39m [90m10925 ms - 1159[39m
[35m[HTTP][39m [90m[39m
[35m[HTTP][39m [37m-->[39m [37mGET[39m [37m/wd/hub/session/5e65c248-a842-4b2c-bf44-aa663a188fc8[39m
[35m[HTTP][39m [90m{}[39m
[35m[HTTP][39m [37m<-- GET /wd/hub/session/5e65c248-a842-4b2c-bf44-aa663a188fc8 [39m[32m200[39m [90m35 ms - 1113[39m
[35m[HTTP][39m [90m[39m
[35m[HTTP][39m [37m-->[39m [37mGET[39m [37m/wd/hub/session/5e65c248-a842-4b2c-bf44-aa663a188fc8[39m
[35m[HTTP][39m [90m{}[39m
[35m[HTTP][39m [37m<-- GET /wd/hub/session/5e65c248-a842-4b2c-bf44-aa663a188fc8 [39m[32m200[39m [90m36 ms - 1113[39m
[35m[HTTP][39m [90m[39m
[35m[HTTP][39m [37m-->[39m [37mGET[39m [37m/wd/hub/status[39m
[35m[HTTP][39m [90m{}[39m
[35m[HTTP][39m [37m<-- GET /wd/hub/status [39m[32m200[39m [90m2 ms - 68[39m
[35m[HTTP][39m [90m[39m
[35m[HTTP][39m [37m-->[39m [37mPOST[39m [37m/wd/hub/session/5e65c248-a842-4b2c-bf44-aa663a188fc8/timeouts[39m
[35m[HTTP][39m [90m{"implicit":60000}[39m
[35m[HTTP][39m [37m<-- POST /wd/hub/session/5e65c248-a842-4b2c-bf44-aa663a188fc8/timeouts [39m[32m200[39m [90m6 ms - 14[39m
[35m[HTTP][39m [90m[39m
[35m[HTTP][39m [37m-->[39m [37mGET[39m [37m/wd/hub/session/5e65c248-a842-4b2c-bf44-aa663a188fc8/screenshot[39m
[35m[HTTP][39m [90m{}[39m
[35m[HTTP][39m [37m<-- GET /wd/hub/session/5e65c248-a842-4b2c-bf44-aa663a188fc8/screenshot [39m[32m200[39m [90m489 ms - 153566[39m
[35m[HTTP][39m [90m[39m
[35m[HTTP][39m [37m-->[39m [37mGET[39m [37m/wd/hub/session/5e65c248-a842-4b2c-bf44-aa663a188fc8/window/rect[39m
[35m[HTTP][39m [90m{}[39m
[35m[HTTP][39m [37m<-- GET /wd/hub/session/5e65c248-a842-4b2c-bf44-aa663a188fc8/window/rect [39m[32m200[39m [90m40 ms - 50[39m
[35m[HTTP][39m [90m[39m
[35m[HTTP][39m [37m-->[39m [37mGET[39m [37m/wd/hub/session/5e65c248-a842-4b2c-bf44-aa663a188fc8/appium/device/system_bars[39m
[35m[HTTP][39m [90m{}[39m
[35m[HTTP][39m [37m<-- GET /wd/hub/session/5e65c248-a842-4b2c-bf44-aa663a188fc8/appium/device/system_bars [39m[32m200[39m [90m141 ms - 145[39m
[35m[HTTP][39m [90m[39m
[35m[HTTP][39m [37m-->[39m [37mPOST[39m [37m/wd/hub/session/5e65c248-a842-4b2c-bf44-aa663a188fc8/appium/device/activate_app[39m
[35m[HTTP][39m [90m{"bundleId":"com.swaglabsmobileapp"}[39m
[35m[HTTP][39m [37m<-- POST /wd/hub/session/5e65c248-a842-4b2c-bf44-aa663a188fc8/appium/device/activate_app [39m[32m200[39m [90m465 ms - 14[39m
[35m[HTTP][39m [90m[39m
[35m[HTTP][39m [37m-->[39m [37mGET[39m [37m/wd/hub/session/5e65c248-a842-4b2c-bf44-aa663a188fc8/source[39m
[35m[HTTP][39m [90m{}[39m
[35m[W3C (5e65c248)][39m Driver proxy active, passing request on via HTTP proxy
[35m[WD Proxy][39m Replacing sessionId f491bc67-d5d3-4d77-83de-b764344eda7d with 5e65c248-a842-4b2c-bf44-aa663a188fc8
[35m[HTTP][39m [37m<-- GET /wd/hub/session/5e65c248-a842-4b2c-bf44-aa663a188fc8/source [39m[32m200[39m [90m1444 ms - 38434[39m
[35m[HTTP][39m [90m[39m
[35m[HTTP][39m [37m-->[39m [37mGET[39m [37m/wd/hub/session/5e65c248-a842-4b2c-bf44-aa663a188fc8/screenshot[39m
[35m[HTTP][39m [90m{}[39m
[35m[HTTP][39m [37m<-- GET /wd/hub/session/5e65c248-a842-4b2c-bf44-aa663a188fc8/screenshot [39m[32m200[39m [90m590 ms - 1274812[39m
[35m[HTTP][39m [90m[39m
[35m[HTTP][39m [37m-->[39m [37mPOST[39m [37m/wd/hub/session/5e65c248-a842-4b2c-bf44-aa663a188fc8/elements[39m
[35m[HTTP][39m [90m{"using":"xpath","value":"//*[@class = 'android.view.ViewGroup' and (@text = '' or . = '')]"}[39m
[35m[HTTP][39m [37m<-- POST /wd/hub/session/5e65c248-a842-4b2c-bf44-aa663a188fc8/elements [39m[32m200[39m [90m290 ms - 5259[39m
[35m[HTTP][39m [90m[39m
[35m[HTTP][39m [37m-->[39m [37mPOST[39m [37m/wd/hub/session/5e65c248-a842-4b2c-bf44-aa663a188fc8/elements[39m
[35m[HTTP][39m [90m{"using":"accessibility id","value":"test-REMOVE"}[39m
[35m[HTTP][39m [37m<-- POST /wd/hub/session/5e65c248-a842-4b2c-bf44-aa663a188fc8/elements [39m[32m200[39m [90m153 ms - 523[39m
[35m[HTTP][39m [90m[39m
[35m[HTTP][39m [37m-->[39m [37mPOST[39m [37m/wd/hub/session/5e65c248-a842-4b2c-bf44-aa663a188fc8/elements[39m
[35m[HTTP][39m [90m{"using":"-android uiautomator","value":"new UiSelector().className(\"android.view.ViewGroup\")"}[39m
[35m[HTTP][39m [37m<-- POST /wd/hub/session/5e65c248-a842-4b2c-bf44-aa663a188fc8/elements [39m[32m200[39m [90m688 ms - 5259[39m
[35m[HTTP][39m [90m[39m
[35m[HTTP][39m [37m-->[39m [37mPOST[39m [37m/wd/hub/session/5e65c248-a842-4b2c-bf44-aa663a188fc8/elements[39m
[35m[HTTP][39m [90m{"using":"xpath","value":"//*[@class = 'android.view.ViewGroup' and (@text = '' or . = '')]"}[39m
[35m[HTTP][39m [37m<-- POST /wd/hub/session/5e65c248-a842-4b2c-bf44-aa663a188fc8/elements [39m[32m200[39m [90m227 ms - 5259[39m
[35m[HTTP][39m [90m[39m
[35m[HTTP][39m [37m-->[39m [37mPOST[39m [37m/wd/hub/session/5e65c248-a842-4b2c-bf44-aa663a188fc8/elements[39m
[35m[HTTP][39m [90m{"using":"accessibility id","value":"test-REMOVE"}[39m
[35m[HTTP][39m [37m<-- POST /wd/hub/session/5e65c248-a842-4b2c-bf44-aa663a188fc8/elements [39m[32m200[39m [90m136 ms - 523[39m
[35m[HTTP][39m [90m[39m
[35m[HTTP][39m [37m-->[39m [37mPOST[39m [37m/wd/hub/session/5e65c248-a842-4b2c-bf44-aa663a188fc8/elements[39m
[35m[HTTP][39m [90m{"using":"-android uiautomator","value":"new UiSelector().className(\"android.view.ViewGroup\")"}[39m
[35m[HTTP][39m [37m<-- POST /wd/hub/session/5e65c248-a842-4b2c-bf44-aa663a188fc8/elements [39m[32m200[39m [90m627 ms - 5259[39m
[35m[HTTP][39m [90m[39m
[35m[HTTP][39m [37m-->[39m [37mPOST[39m [37m/wd/hub/session/5e65c248-a842-4b2c-bf44-aa663a188fc8/elements[39m
[35m[HTTP][39m [90m{"using":"xpath","value":"//*[@class = 'android.view.ViewGroup' and (@text = '' or . = '')]"}[39m
[35m[HTTP][39m [37m<-- POST /wd/hub/session/5e65c248-a842-4b2c-bf44-aa663a188fc8/elements [39m[32m200[39m [90m200 ms - 5259[39m
[35m[HTTP][39m [90m[39m
[35m[HTTP][39m [37m-->[39m [37mPOST[39m [37m/wd/hub/session/5e65c248-a842-4b2c-bf44-aa663a188fc8/elements[39m
[35m[HTTP][39m [90m{"using":"accessibility id","value":"test-REMOVE"}[39m
[35m[HTTP][39m [37m<-- POST /wd/hub/session/5e65c248-a842-4b2c-bf44-aa663a188fc8/elements [39m[32m200[39m [90m151 ms - 523[39m
[35m[HTTP][39m [90m[39m
[35m[HTTP][39m [37m-->[39m [37mPOST[39m [37m/wd/hub/session/5e65c248-a842-4b2c-bf44-aa663a188fc8/elements[39m
[35m[HTTP][39m [90m{"using":"-android uiautomator","value":"new UiSelector().className(\"android.view.ViewGroup\")"}[39m
[35m[HTTP][39m [37m<-- POST /wd/hub/session/5e65c248-a842-4b2c-bf44-aa663a188fc8/elements [39m[32m200[39m [90m716 ms - 5259[39m
[35m[HTTP][39m [90m[39m
[35m[HTTP][39m [37m-->[39m [37mPOST[39m [37m/wd/hub/session/5e65c248-a842-4b2c-bf44-aa663a188fc8/elements[39m
[35m[HTTP][39m [90m{"using":"xpath","value":"//*[@class = 'android.view.ViewGroup' and (@text = '' or . = '')]"}[39m
[35m[HTTP][39m [37m<-- POST /wd/hub/session/5e65c248-a842-4b2c-bf44-aa663a188fc8/elements [39m[32m200[39m [90m191 ms - 5259[39m
[35m[HTTP][39m [90m[39m
[35m[HTTP][39m [37m-->[39m [37mPOST[39m [37m/wd/hub/session/5e65c248-a842-4b2c-bf44-aa663a188fc8/elements[39m
[35m[HTTP][39m [90m{"using":"accessibility id","value":"test-REMOVE"}[39m
[35m[HTTP][39m [37m<-- POST /wd/hub/session/5e65c248-a842-4b2c-bf44-aa663a188fc8/elements [39m[32m200[39m [90m161 ms - 523[39m
[35m[HTTP][39m [90m[39m
[35m[HTTP][39m [37m-->[39m [37mPOST[39m [37m/wd/hub/session/5e65c248-a842-4b2c-bf44-aa663a188fc8/elements[39m
[35m[HTTP][39m [90m{"using":"-android uiautomator","value":"new UiSelector().className(\"android.view.ViewGroup\")"}[39m
[35m[HTTP][39m [37m<-- POST /wd/hub/session/5e65c248-a842-4b2c-bf44-aa663a188fc8/elements [39m[32m200[39m [90m623 ms - 5259[39m
[35m[HTTP][39m [90m[39m
[35m[HTTP][39m [37m-->[39m [37mGET[39m [37m/wd/hub/session/5e65c248-a842-4b2c-bf44-aa663a188fc8/source[39m
[35m[HTTP][39m [90m{}[39m
[35m[W3C (5e65c248)][39m Driver proxy active, passing request on via HTTP proxy
[35m[WD Proxy][39m Replacing sessionId f491bc67-d5d3-4d77-83de-b764344eda7d with 5e65c248-a842-4b2c-bf44-aa663a188fc8
[35m[HTTP][39m [37m<-- GET /wd/hub/session/5e65c248-a842-4b2c-bf44-aa663a188fc8/source [39m[32m200[39m [90m190 ms - 30477[39m
[35m[HTTP][39m [90m[39m
[35m[HTTP][39m [37m-->[39m [37mGET[39m [37m/wd/hub/session/5e65c248-a842-4b2c-bf44-aa663a188fc8/screenshot[39m
[35m[HTTP][39m [90m{}[39m
[35m[HTTP][39m [37m<-- GET /wd/hub/session/5e65c248-a842-4b2c-bf44-aa663a188fc8/screenshot [39m[32m200[39m [90m497 ms - 617452[39m
[35m[HTTP][39m [90m[39m
[35m[HTTP][39m [37m-->[39m [37mPOST[39m [37m/wd/hub/session/5e65c248-a842-4b2c-bf44-aa663a188fc8/elements[39m
[35m[HTTP][39m [90m{"using":"xpath","value":"//*[@class = 'android.view.ViewGroup' and (@text = '' or . = '')]"}[39m
[35m[HTTP][39m [37m<-- POST /wd/hub/session/5e65c248-a842-4b2c-bf44-aa663a188fc8/elements [39m[32m200[39m [90m177 ms - 4235[39m
[35m[HTTP][39m [90m[39m
[35m[HTTP][39m [37m-->[39m [37mPOST[39m [37m/wd/hub/session/5e65c248-a842-4b2c-bf44-aa663a188fc8/elements[39m
[35m[HTTP][39m [90m{"using":"accessibility id","value":"test-REMOVE"}[39m
[35m[HTTP][39m [37m<-- POST /wd/hub/session/5e65c248-a842-4b2c-bf44-aa663a188fc8/elements [39m[32m200[39m [90m116 ms - 267[39m
[35m[HTTP][39m [90m[39m
[35m[HTTP][39m [37m-->[39m [37mPOST[39m [37m/wd/hub/session/5e65c248-a842-4b2c-bf44-aa663a188fc8/elements[39m
[35m[HTTP][39m [90m{"using":"-android uiautomator","value":"new UiSelector().className(\"android.view.ViewGroup\")"}[39m
[35m[HTTP][39m [37m<-- POST /wd/hub/session/5e65c248-a842-4b2c-bf44-aa663a188fc8/elements [39m[32m200[39m [90m654 ms - 4235[39m
[35m[HTTP][39m [90m[39m
[35m[HTTP][39m [37m-->[39m [37mPOST[39m [37m/wd/hub/session/5e65c248-a842-4b2c-bf44-aa663a188fc8/elements[39m
[35m[HTTP][39m [90m{"using":"xpath","value":"//*[@class = 'android.view.ViewGroup' and (@text = '' or . = '')]"}[39m
[35m[HTTP][39m [37m<-- POST /wd/hub/session/5e65c248-a842-4b2c-bf44-aa663a188fc8/elements [39m[32m200[39m [90m183 ms - 4235[39m
[35m[HTTP][39m [90m[39m
[35m[HTTP][39m [37m-->[39m [37mPOST[39m [37m/wd/hub/session/5e65c248-a842-4b2c-bf44-aa663a188fc8/elements[39m
[35m[HTTP][39m [90m{"using":"accessibility id","value":"test-REMOVE"}[39m
[35m[HTTP][39m [37m<-- POST /wd/hub/session/5e65c248-a842-4b2c-bf44-aa663a188fc8/elements [39m[32m200[39m [90m87 ms - 267[39m
[35m[HTTP][39m [90m[39m
[35m[HTTP][39m [37m-->[39m [37mPOST[39m [37m/wd/hub/session/5e65c248-a842-4b2c-bf44-aa663a188fc8/elements[39m
[35m[HTTP][39m [90m{"using":"-android uiautomator","value":"new UiSelector().className(\"android.view.ViewGroup\")"}[39m
[35m[HTTP][39m [37m<-- POST /wd/hub/session/5e65c248-a842-4b2c-bf44-aa663a188fc8/elements [39m[32m200[39m [90m1105 ms - 4235[39m
[35m[HTTP][39m [90m[39m
[35m[HTTP][39m [37m-->[39m [37mDELETE[39m [37m/wd/hub/session/5e65c248-a842-4b2c-bf44-aa663a188fc8[39m
[35m[HTTP][39m [90m{}[39m
[35m[Appium][39m Removing session 5e65c248-a842-4b2c-bf44-aa663a188fc8 from our master session list
[35m[UiAutomator2][39m Restoring hidden api policy to the device default configuration
[35m[HTTP][39m [37m<-- DELETE /wd/hub/session/5e65c248-a842-4b2c-bf44-aa663a188fc8 [39m[32m200[39m [90m607 ms - 14[39m
[35m[HTTP][39m [90m[39m
